<?xml version="1.0" encoding="UTF-8"?>
<testsuite name="shopping.coor.service.UserServiceTest" tests="1" skipped="0" failures="0" errors="0" timestamp="2022-04-09T16:35:12" hostname="DESKTOP-L98HC6E" time="0.069">
  <properties/>
  <testcase name="그냥테스트()" classname="shopping.coor.service.UserServiceTest" time="0.069"/>
  <system-out><![CDATA[2022-04-10 01:35:12.849  INFO 23232 --- [    Test worker] .b.t.c.SpringBootTestContextBootstrapper : Neither @ContextConfiguration nor @ContextHierarchy found for test class [shopping.coor.service.UserServiceTest], using SpringBootContextLoader
2022-04-10 01:35:12.850  INFO 23232 --- [    Test worker] o.s.t.c.support.AbstractContextLoader    : Could not detect default resource locations for test class [shopping.coor.service.UserServiceTest]: no resource found for suffixes {-context.xml, Context.groovy}.
2022-04-10 01:35:12.850  INFO 23232 --- [    Test worker] t.c.s.AnnotationConfigContextLoaderUtils : Could not detect default configuration classes for test class [shopping.coor.service.UserServiceTest]: UserServiceTest does not declare any static, non-private, non-final, nested classes annotated with @Configuration.
2022-04-10 01:35:12.859  INFO 23232 --- [    Test worker] .b.t.c.SpringBootTestContextBootstrapper : Found @SpringBootConfiguration shopping.coor.CoorApplication for test class shopping.coor.service.UserServiceTest
2022-04-10 01:35:12.862  INFO 23232 --- [    Test worker] .b.t.c.SpringBootTestContextBootstrapper : Loaded default TestExecutionListener class names from location [META-INF/spring.factories]: [org.springframework.security.test.context.support.WithSecurityContextTestExecutionListener, org.springframework.security.test.context.support.ReactorContextTestExecutionListener, org.springframework.boot.test.autoconfigure.restdocs.RestDocsTestExecutionListener, org.springframework.boot.test.autoconfigure.web.client.MockRestServiceServerResetTestExecutionListener, org.springframework.boot.test.autoconfigure.web.servlet.MockMvcPrintOnlyOnFailureTestExecutionListener, org.springframework.boot.test.autoconfigure.web.servlet.WebDriverTestExecutionListener, org.springframework.boot.test.autoconfigure.webservices.client.MockWebServiceServerTestExecutionListener, org.springframework.boot.test.mock.mockito.MockitoTestExecutionListener, org.springframework.boot.test.mock.mockito.ResetMocksTestExecutionListener, org.springframework.test.context.web.ServletTestExecutionListener, org.springframework.test.context.support.DirtiesContextBeforeModesTestExecutionListener, org.springframework.test.context.event.ApplicationEventsTestExecutionListener, org.springframework.test.context.support.DependencyInjectionTestExecutionListener, org.springframework.test.context.support.DirtiesContextTestExecutionListener, org.springframework.test.context.transaction.TransactionalTestExecutionListener, org.springframework.test.context.jdbc.SqlScriptsTestExecutionListener, org.springframework.test.context.event.EventPublishingTestExecutionListener]
2022-04-10 01:35:12.863  INFO 23232 --- [    Test worker] .b.t.c.SpringBootTestContextBootstrapper : Using TestExecutionListeners: [org.springframework.test.context.web.ServletTestExecutionListener@e8ce5b1, org.springframework.test.context.support.DirtiesContextBeforeModesTestExecutionListener@301b89e1, org.springframework.test.context.event.ApplicationEventsTestExecutionListener@3f3abe67, org.springframework.boot.test.mock.mockito.MockitoTestExecutionListener@64f1e9f8, org.springframework.boot.test.autoconfigure.SpringBootDependencyInjectionTestExecutionListener@d3929ba, org.springframework.test.context.support.DirtiesContextTestExecutionListener@6101fd7d, org.springframework.test.context.transaction.TransactionalTestExecutionListener@b22bebc, org.springframework.test.context.jdbc.SqlScriptsTestExecutionListener@60773809, org.springframework.security.test.context.support.WithSecurityContextTestExecutionListener@24c7b944, org.springframework.test.context.event.EventPublishingTestExecutionListener@4a4352b4, org.springframework.security.test.context.support.ReactorContextTestExecutionListener@540ac21e, org.springframework.boot.test.autoconfigure.restdocs.RestDocsTestExecutionListener@d640fe6, org.springframework.boot.test.autoconfigure.web.client.MockRestServiceServerResetTestExecutionListener@14f08a97, org.springframework.boot.test.autoconfigure.web.servlet.MockMvcPrintOnlyOnFailureTestExecutionListener@44f6ac4f, org.springframework.boot.test.autoconfigure.web.servlet.WebDriverTestExecutionListener@46ee9cfd, org.springframework.boot.test.autoconfigure.webservices.client.MockWebServiceServerTestExecutionListener@6b58a0f9, org.springframework.boot.test.mock.mockito.ResetMocksTestExecutionListener@7b6c3b37]
2022-04-10 01:35:12.900 DEBUG 23232 --- [    Test worker] org.hibernate.SQL                        : 
    select
        user0_.user_id as user_id1_3_,
        user0_.email as email2_3_,
        user0_.password as password3_3_,
        user0_.username as username4_3_ 
    from
        users user0_
22@naver.com
]]></system-out>
  <system-err><![CDATA[]]></system-err>
</testsuite>
