<?xml version="1.0" encoding="UTF-8"?>
<testsuite name="shopping.coor.CoorApplicationTests" tests="1" skipped="0" failures="0" errors="0" timestamp="2022-04-09T17:08:19" hostname="DESKTOP-L98HC6E" time="0.145">
  <properties/>
  <testcase name="contextLoads()" classname="shopping.coor.CoorApplicationTests" time="0.145"/>
  <system-out><![CDATA[02:08:11.881 [Test worker] DEBUG org.springframework.test.context.BootstrapUtils - Instantiating CacheAwareContextLoaderDelegate from class [org.springframework.test.context.cache.DefaultCacheAwareContextLoaderDelegate]
02:08:11.893 [Test worker] DEBUG org.springframework.test.context.BootstrapUtils - Instantiating BootstrapContext using constructor [public org.springframework.test.context.support.DefaultBootstrapContext(java.lang.Class,org.springframework.test.context.CacheAwareContextLoaderDelegate)]
02:08:11.928 [Test worker] DEBUG org.springframework.test.context.BootstrapUtils - Instantiating TestContextBootstrapper for test class [shopping.coor.CoorApplicationTests] from class [org.springframework.boot.test.context.SpringBootTestContextBootstrapper]
02:08:11.940 [Test worker] INFO org.springframework.boot.test.context.SpringBootTestContextBootstrapper - Neither @ContextConfiguration nor @ContextHierarchy found for test class [shopping.coor.CoorApplicationTests], using SpringBootContextLoader
02:08:11.944 [Test worker] DEBUG org.springframework.test.context.support.AbstractContextLoader - Did not detect default resource location for test class [shopping.coor.CoorApplicationTests]: class path resource [shopping/coor/CoorApplicationTests-context.xml] does not exist
02:08:11.944 [Test worker] DEBUG org.springframework.test.context.support.AbstractContextLoader - Did not detect default resource location for test class [shopping.coor.CoorApplicationTests]: class path resource [shopping/coor/CoorApplicationTestsContext.groovy] does not exist
02:08:11.945 [Test worker] INFO org.springframework.test.context.support.AbstractContextLoader - Could not detect default resource locations for test class [shopping.coor.CoorApplicationTests]: no resource found for suffixes {-context.xml, Context.groovy}.
02:08:11.945 [Test worker] INFO org.springframework.test.context.support.AnnotationConfigContextLoaderUtils - Could not detect default configuration classes for test class [shopping.coor.CoorApplicationTests]: CoorApplicationTests does not declare any static, non-private, non-final, nested classes annotated with @Configuration.
02:08:11.988 [Test worker] DEBUG org.springframework.test.context.support.ActiveProfilesUtils - Could not find an 'annotation declaring class' for annotation type [org.springframework.test.context.ActiveProfiles] and class [shopping.coor.CoorApplicationTests]
02:08:12.046 [Test worker] DEBUG org.springframework.context.annotation.ClassPathScanningCandidateComponentProvider - Identified candidate component class: file [C:\Users\user\Downloads\shopping-back\build\classes\java\main\shopping\coor\CoorApplication.class]
02:08:12.048 [Test worker] INFO org.springframework.boot.test.context.SpringBootTestContextBootstrapper - Found @SpringBootConfiguration shopping.coor.CoorApplication for test class shopping.coor.CoorApplicationTests
02:08:12.155 [Test worker] DEBUG org.springframework.boot.test.context.SpringBootTestContextBootstrapper - @TestExecutionListeners is not present for class [shopping.coor.CoorApplicationTests]: using defaults.
02:08:12.156 [Test worker] INFO org.springframework.boot.test.context.SpringBootTestContextBootstrapper - Loaded default TestExecutionListener class names from location [META-INF/spring.factories]: [org.springframework.security.test.context.support.WithSecurityContextTestExecutionListener, org.springframework.security.test.context.support.ReactorContextTestExecutionListener, org.springframework.boot.test.autoconfigure.restdocs.RestDocsTestExecutionListener, org.springframework.boot.test.autoconfigure.web.client.MockRestServiceServerResetTestExecutionListener, org.springframework.boot.test.autoconfigure.web.servlet.MockMvcPrintOnlyOnFailureTestExecutionListener, org.springframework.boot.test.autoconfigure.web.servlet.WebDriverTestExecutionListener, org.springframework.boot.test.autoconfigure.webservices.client.MockWebServiceServerTestExecutionListener, org.springframework.boot.test.mock.mockito.MockitoTestExecutionListener, org.springframework.boot.test.mock.mockito.ResetMocksTestExecutionListener, org.springframework.test.context.web.ServletTestExecutionListener, org.springframework.test.context.support.DirtiesContextBeforeModesTestExecutionListener, org.springframework.test.context.event.ApplicationEventsTestExecutionListener, org.springframework.test.context.support.DependencyInjectionTestExecutionListener, org.springframework.test.context.support.DirtiesContextTestExecutionListener, org.springframework.test.context.transaction.TransactionalTestExecutionListener, org.springframework.test.context.jdbc.SqlScriptsTestExecutionListener, org.springframework.test.context.event.EventPublishingTestExecutionListener]
02:08:12.176 [Test worker] INFO org.springframework.boot.test.context.SpringBootTestContextBootstrapper - Using TestExecutionListeners: [org.springframework.test.context.web.ServletTestExecutionListener@7728643a, org.springframework.test.context.support.DirtiesContextBeforeModesTestExecutionListener@320e400, org.springframework.test.context.event.ApplicationEventsTestExecutionListener@5167268, org.springframework.boot.test.mock.mockito.MockitoTestExecutionListener@1cfd1875, org.springframework.boot.test.autoconfigure.SpringBootDependencyInjectionTestExecutionListener@28c0b664, org.springframework.test.context.support.DirtiesContextTestExecutionListener@2c444798, org.springframework.test.context.transaction.TransactionalTestExecutionListener@1af7f54a, org.springframework.test.context.jdbc.SqlScriptsTestExecutionListener@6ebd78d1, org.springframework.security.test.context.support.WithSecurityContextTestExecutionListener@436390f4, org.springframework.test.context.event.EventPublishingTestExecutionListener@4d157787, org.springframework.security.test.context.support.ReactorContextTestExecutionListener@68ed96ca, org.springframework.boot.test.autoconfigure.restdocs.RestDocsTestExecutionListener@6d1310f6, org.springframework.boot.test.autoconfigure.web.client.MockRestServiceServerResetTestExecutionListener@3228d990, org.springframework.boot.test.autoconfigure.web.servlet.MockMvcPrintOnlyOnFailureTestExecutionListener@54e7391d, org.springframework.boot.test.autoconfigure.web.servlet.WebDriverTestExecutionListener@50b8ae8d, org.springframework.boot.test.autoconfigure.webservices.client.MockWebServiceServerTestExecutionListener@255990cc, org.springframework.boot.test.mock.mockito.ResetMocksTestExecutionListener@51c929ae]
02:08:12.180 [Test worker] DEBUG org.springframework.test.context.support.AbstractDirtiesContextTestExecutionListener - Before test class: context [DefaultTestContext@33a2499c testClass = CoorApplicationTests, testInstance = [null], testMethod = [null], testException = [null], mergedContextConfiguration = [WebMergedContextConfiguration@e72dba7 testClass = CoorApplicationTests, locations = '{}', classes = '{class shopping.coor.CoorApplication}', contextInitializerClasses = '[]', activeProfiles = '{}', propertySourceLocations = '{}', propertySourceProperties = '{org.springframework.boot.test.context.SpringBootTestContextBootstrapper=true}', contextCustomizers = set[org.springframework.boot.test.autoconfigure.actuate.metrics.MetricsExportContextCustomizerFactory$DisableMetricExportContextCustomizer@7fc6de5b, org.springframework.boot.test.autoconfigure.properties.PropertyMappingContextCustomizer@0, org.springframework.boot.test.autoconfigure.web.servlet.WebDriverContextCustomizerFactory$Customizer@57eda880, org.springframework.boot.test.context.filter.ExcludeFilterContextCustomizer@7c209437, org.springframework.boot.test.json.DuplicateJsonObjectContextCustomizerFactory$DuplicateJsonObjectContextCustomizer@f667fe, org.springframework.boot.test.mock.mockito.MockitoContextCustomizer@0, org.springframework.boot.test.web.client.TestRestTemplateContextCustomizer@338494fa, org.springframework.boot.test.context.SpringBootTestArgs@1, org.springframework.boot.test.context.SpringBootTestWebEnvironment@33f676f6], resourceBasePath = 'src/main/webapp', contextLoader = 'org.springframework.boot.test.context.SpringBootContextLoader', parent = [null]], attributes = map['org.springframework.test.context.web.ServletTestExecutionListener.activateListener' -> true]], class annotated with @DirtiesContext [false] with mode [null].

  .   ____          _            __ _ _
 /\\ / ___'_ __ _ _(_)_ __  __ _ \ \ \ \
( ( )\___ | '_ | '_| | '_ \/ _` | \ \ \ \
 \\/  ___)| |_)| | | | | || (_| |  ) ) ) )
  '  |____| .__|_| |_|_| |_\__, | / / / /
 =========|_|==============|___/=/_/_/_/
 :: Spring Boot ::                (v2.6.6)

2022-04-10 02:08:12.582  INFO 14768 --- [    Test worker] shopping.coor.CoorApplicationTests       : Starting CoorApplicationTests using Java 11.0.10 on DESKTOP-L98HC6E with PID 14768 (started by user in C:\Users\user\Downloads\shopping-back)
2022-04-10 02:08:12.582  INFO 14768 --- [    Test worker] shopping.coor.CoorApplicationTests       : No active profile set, falling back to 1 default profile: "default"
2022-04-10 02:08:13.369  INFO 14768 --- [    Test worker] .s.d.r.c.RepositoryConfigurationDelegate : Bootstrapping Spring Data JPA repositories in DEFAULT mode.
2022-04-10 02:08:13.455  INFO 14768 --- [    Test worker] .s.d.r.c.RepositoryConfigurationDelegate : Finished Spring Data repository scanning in 75 ms. Found 3 JPA repository interfaces.
2022-04-10 02:08:14.199  INFO 14768 --- [    Test worker] o.hibernate.jpa.internal.util.LogHelper  : HHH000204: Processing PersistenceUnitInfo [name: default]
2022-04-10 02:08:14.271  INFO 14768 --- [    Test worker] org.hibernate.Version                    : HHH000412: Hibernate ORM core version 5.6.7.Final
2022-04-10 02:08:14.650  INFO 14768 --- [    Test worker] o.hibernate.annotations.common.Version   : HCANN000001: Hibernate Commons Annotations {5.1.2.Final}
2022-04-10 02:08:14.876  INFO 14768 --- [    Test worker] com.zaxxer.hikari.HikariDataSource       : HikariPool-1 - Starting...
2022-04-10 02:08:15.349  INFO 14768 --- [    Test worker] com.zaxxer.hikari.HikariDataSource       : HikariPool-1 - Start completed.
2022-04-10 02:08:15.370  INFO 14768 --- [    Test worker] org.hibernate.dialect.Dialect            : HHH000400: Using dialect: org.hibernate.dialect.MySQL5InnoDBDialect
2022-04-10 02:08:16.303  INFO 14768 --- [    Test worker] o.h.e.t.j.p.i.JtaPlatformInitiator       : HHH000490: Using JtaPlatform implementation: [org.hibernate.engine.transaction.jta.platform.internal.NoJtaPlatform]
2022-04-10 02:08:16.316  INFO 14768 --- [    Test worker] j.LocalContainerEntityManagerFactoryBean : Initialized JPA EntityManagerFactory for persistence unit 'default'
2022-04-10 02:08:18.248  INFO 14768 --- [    Test worker] o.s.s.web.DefaultSecurityFilterChain     : Will not secure any request
2022-04-10 02:08:18.991  INFO 14768 --- [    Test worker] shopping.coor.CoorApplicationTests       : Started CoorApplicationTests in 6.776 seconds (JVM running for 9.021)
]]></system-out>
  <system-err><![CDATA[]]></system-err>
</testsuite>
