<?xml version="1.0" encoding="UTF-8"?>
<testsuite name="shopping.coor.service.UserServiceTest" tests="1" skipped="0" failures="0" errors="0" timestamp="2022-04-26T04:53:40" hostname="DESKTOP-L98HC6E" time="0.07">
  <properties/>
  <testcase name="그냥테스트()" classname="shopping.coor.service.UserServiceTest" time="0.07"/>
  <system-out><![CDATA[[2022-04-26 13:53:40:9445][Test worker] INFO  o.s.b.t.c.SpringBootTestContextBootstrapper - Neither @ContextConfiguration nor @ContextHierarchy found for test class [shopping.coor.service.UserServiceTest], using SpringBootContextLoader
[2022-04-26 13:53:40:9446][Test worker] INFO  o.s.t.c.s.AbstractContextLoader - Could not detect default resource locations for test class [shopping.coor.service.UserServiceTest]: no resource found for suffixes {-context.xml, Context.groovy}.
[2022-04-26 13:53:40:9446][Test worker] INFO  o.s.t.c.s.AnnotationConfigContextLoaderUtils - Could not detect default configuration classes for test class [shopping.coor.service.UserServiceTest]: UserServiceTest does not declare any static, non-private, non-final, nested classes annotated with @Configuration.
[2022-04-26 13:53:40:9448][Test worker] INFO  o.s.b.t.c.SpringBootTestContextBootstrapper - Found @SpringBootConfiguration shopping.coor.CoorApplication for test class shopping.coor.service.UserServiceTest
[2022-04-26 13:53:40:9449][Test worker] INFO  o.s.b.t.c.SpringBootTestContextBootstrapper - Loaded default TestExecutionListener class names from location [META-INF/spring.factories]: [org.springframework.security.test.context.support.WithSecurityContextTestExecutionListener, org.springframework.security.test.context.support.ReactorContextTestExecutionListener, org.springframework.boot.test.autoconfigure.restdocs.RestDocsTestExecutionListener, org.springframework.boot.test.autoconfigure.web.client.MockRestServiceServerResetTestExecutionListener, org.springframework.boot.test.autoconfigure.web.servlet.MockMvcPrintOnlyOnFailureTestExecutionListener, org.springframework.boot.test.autoconfigure.web.servlet.WebDriverTestExecutionListener, org.springframework.boot.test.autoconfigure.webservices.client.MockWebServiceServerTestExecutionListener, org.springframework.boot.test.mock.mockito.MockitoTestExecutionListener, org.springframework.boot.test.mock.mockito.ResetMocksTestExecutionListener, org.springframework.test.context.web.ServletTestExecutionListener, org.springframework.test.context.support.DirtiesContextBeforeModesTestExecutionListener, org.springframework.test.context.event.ApplicationEventsTestExecutionListener, org.springframework.test.context.support.DependencyInjectionTestExecutionListener, org.springframework.test.context.support.DirtiesContextTestExecutionListener, org.springframework.test.context.transaction.TransactionalTestExecutionListener, org.springframework.test.context.jdbc.SqlScriptsTestExecutionListener, org.springframework.test.context.event.EventPublishingTestExecutionListener]
[2022-04-26 13:53:40:9450][Test worker] INFO  o.s.b.t.c.SpringBootTestContextBootstrapper - Using TestExecutionListeners: [org.springframework.test.context.web.ServletTestExecutionListener@b09df69, org.springframework.test.context.support.DirtiesContextBeforeModesTestExecutionListener@4d19ddeb, org.springframework.test.context.event.ApplicationEventsTestExecutionListener@623dac3, org.springframework.boot.test.mock.mockito.MockitoTestExecutionListener@625439ba, org.springframework.boot.test.autoconfigure.SpringBootDependencyInjectionTestExecutionListener@2763500e, org.springframework.test.context.support.DirtiesContextTestExecutionListener@2416378c, org.springframework.test.context.transaction.TransactionalTestExecutionListener@3c7b040f, org.springframework.test.context.jdbc.SqlScriptsTestExecutionListener@7f2163d3, org.springframework.security.test.context.support.WithSecurityContextTestExecutionListener@427faf19, org.springframework.test.context.event.EventPublishingTestExecutionListener@57404a8d, org.springframework.security.test.context.support.ReactorContextTestExecutionListener@337f6716, org.springframework.boot.test.autoconfigure.restdocs.RestDocsTestExecutionListener@4734a551, org.springframework.boot.test.autoconfigure.web.client.MockRestServiceServerResetTestExecutionListener@780ccdc9, org.springframework.boot.test.autoconfigure.web.servlet.MockMvcPrintOnlyOnFailureTestExecutionListener@2d4df467, org.springframework.boot.test.autoconfigure.web.servlet.WebDriverTestExecutionListener@65c2610f, org.springframework.boot.test.autoconfigure.webservices.client.MockWebServiceServerTestExecutionListener@73e4ecb, org.springframework.boot.test.mock.mockito.ResetMocksTestExecutionListener@1942a960]
[2022-04-26 13:53:40:9466][Test worker] INFO  s.coor.infra.log.ThreadLocalLogTrace - ------------------------------4ca17660's transaction start------------------------------
[2022-04-26 13:53:40:9467][Test worker] INFO  s.coor.infra.log.ThreadLocalLogTrace - [4ca17660] UserServiceImpl.selectAll()
[2022-04-26 13:53:40:9471][Test worker] INFO  s.coor.infra.log.ThreadLocalLogTrace - [4ca17660] |-->UserRepository.selectAll()
[2022-04-26 13:53:40:9481][Test worker] DEBUG org.hibernate.SQL - 
    select
        user0_.user_id as user_id1_4_,
        user0_.email as email2_4_,
        user0_.password as password3_4_,
        user0_.username as username4_4_ 
    from
        users user0_
[2022-04-26 13:53:40:9502][Test worker] INFO  s.coor.infra.log.ThreadLocalLogTrace - [4ca17660] |<--UserRepository.selectAll() time=31ms
[2022-04-26 13:53:40:9502][Test worker] INFO  s.coor.infra.log.ThreadLocalLogTrace - [4ca17660] UserServiceImpl.selectAll() time=36ms
[2022-04-26 13:53:40:9502][Test worker] INFO  s.coor.infra.log.ThreadLocalLogTrace - -------------------------------4ca17660's transaction end/36ms-------------------------
w@naver.com
www@naver.com
w1@naver.com
w22@naver.com
w2222@naver.com
wlsdiq2kdrk@gmail.com
111w@naver.com
w111111111@naver.com
w555@naver.com
33w@naver.com
w66666@naver.com
kim222@naver.com
kim112@naver.com
wlsdi3qkdrk@gmail.com
]]></system-out>
  <system-err><![CDATA[]]></system-err>
</testsuite>
