<?xml version="1.0" encoding="UTF-8"?>
<testsuite name="shopping.coor.service.UserServiceTest" tests="1" skipped="0" failures="0" errors="0" timestamp="2022-04-09T17:08:19" hostname="DESKTOP-L98HC6E" time="0.094">
  <properties/>
  <testcase name="그냥테스트()" classname="shopping.coor.service.UserServiceTest" time="0.094"/>
  <system-out><![CDATA[2022-04-10 02:08:19.162  INFO 14768 --- [    Test worker] .b.t.c.SpringBootTestContextBootstrapper : Neither @ContextConfiguration nor @ContextHierarchy found for test class [shopping.coor.service.UserServiceTest], using SpringBootContextLoader
2022-04-10 02:08:19.163  INFO 14768 --- [    Test worker] o.s.t.c.support.AbstractContextLoader    : Could not detect default resource locations for test class [shopping.coor.service.UserServiceTest]: no resource found for suffixes {-context.xml, Context.groovy}.
2022-04-10 02:08:19.164  INFO 14768 --- [    Test worker] t.c.s.AnnotationConfigContextLoaderUtils : Could not detect default configuration classes for test class [shopping.coor.service.UserServiceTest]: UserServiceTest does not declare any static, non-private, non-final, nested classes annotated with @Configuration.
2022-04-10 02:08:19.171  INFO 14768 --- [    Test worker] .b.t.c.SpringBootTestContextBootstrapper : Found @SpringBootConfiguration shopping.coor.CoorApplication for test class shopping.coor.service.UserServiceTest
2022-04-10 02:08:19.173  INFO 14768 --- [    Test worker] .b.t.c.SpringBootTestContextBootstrapper : Loaded default TestExecutionListener class names from location [META-INF/spring.factories]: [org.springframework.security.test.context.support.WithSecurityContextTestExecutionListener, org.springframework.security.test.context.support.ReactorContextTestExecutionListener, org.springframework.boot.test.autoconfigure.restdocs.RestDocsTestExecutionListener, org.springframework.boot.test.autoconfigure.web.client.MockRestServiceServerResetTestExecutionListener, org.springframework.boot.test.autoconfigure.web.servlet.MockMvcPrintOnlyOnFailureTestExecutionListener, org.springframework.boot.test.autoconfigure.web.servlet.WebDriverTestExecutionListener, org.springframework.boot.test.autoconfigure.webservices.client.MockWebServiceServerTestExecutionListener, org.springframework.boot.test.mock.mockito.MockitoTestExecutionListener, org.springframework.boot.test.mock.mockito.ResetMocksTestExecutionListener, org.springframework.test.context.web.ServletTestExecutionListener, org.springframework.test.context.support.DirtiesContextBeforeModesTestExecutionListener, org.springframework.test.context.event.ApplicationEventsTestExecutionListener, org.springframework.test.context.support.DependencyInjectionTestExecutionListener, org.springframework.test.context.support.DirtiesContextTestExecutionListener, org.springframework.test.context.transaction.TransactionalTestExecutionListener, org.springframework.test.context.jdbc.SqlScriptsTestExecutionListener, org.springframework.test.context.event.EventPublishingTestExecutionListener]
2022-04-10 02:08:19.174  INFO 14768 --- [    Test worker] .b.t.c.SpringBootTestContextBootstrapper : Using TestExecutionListeners: [org.springframework.test.context.web.ServletTestExecutionListener@309ac89e, org.springframework.test.context.support.DirtiesContextBeforeModesTestExecutionListener@2db0dd19, org.springframework.test.context.event.ApplicationEventsTestExecutionListener@354ff4f6, org.springframework.boot.test.mock.mockito.MockitoTestExecutionListener@315bb2bb, org.springframework.boot.test.autoconfigure.SpringBootDependencyInjectionTestExecutionListener@57e35236, org.springframework.test.context.support.DirtiesContextTestExecutionListener@7c9015c6, org.springframework.test.context.transaction.TransactionalTestExecutionListener@36b2b6e6, org.springframework.test.context.jdbc.SqlScriptsTestExecutionListener@5a9004e1, org.springframework.security.test.context.support.WithSecurityContextTestExecutionListener@17af9f67, org.springframework.test.context.event.EventPublishingTestExecutionListener@6b6d8671, org.springframework.security.test.context.support.ReactorContextTestExecutionListener@484b187c, org.springframework.boot.test.autoconfigure.restdocs.RestDocsTestExecutionListener@1226ba98, org.springframework.boot.test.autoconfigure.web.client.MockRestServiceServerResetTestExecutionListener@79194b1c, org.springframework.boot.test.autoconfigure.web.servlet.MockMvcPrintOnlyOnFailureTestExecutionListener@7ec01440, org.springframework.boot.test.autoconfigure.web.servlet.WebDriverTestExecutionListener@6ed87b1c, org.springframework.boot.test.autoconfigure.webservices.client.MockWebServiceServerTestExecutionListener@490dfe25, org.springframework.boot.test.mock.mockito.ResetMocksTestExecutionListener@7aff1db3]
2022-04-10 02:08:19.214 DEBUG 14768 --- [    Test worker] org.hibernate.SQL                        : 
    select
        user0_.user_id as user_id1_3_,
        user0_.email as email2_3_,
        user0_.password as password3_3_,
        user0_.username as username4_3_ 
    from
        users user0_
22@naver.com
]]></system-out>
  <system-err><![CDATA[]]></system-err>
</testsuite>
