<?xml version="1.0" encoding="UTF-8"?>
<testsuite name="shopping.coor.service.UserServiceTest" tests="1" skipped="0" failures="0" errors="0" timestamp="2022-04-09T17:37:36" hostname="DESKTOP-L98HC6E" time="0.086">
  <properties/>
  <testcase name="그냥테스트()" classname="shopping.coor.service.UserServiceTest" time="0.086"/>
  <system-out><![CDATA[2022-04-10 02:37:36.272  INFO 4524 --- [    Test worker] .b.t.c.SpringBootTestContextBootstrapper : Neither @ContextConfiguration nor @ContextHierarchy found for test class [shopping.coor.service.UserServiceTest], using SpringBootContextLoader
2022-04-10 02:37:36.273  INFO 4524 --- [    Test worker] o.s.t.c.support.AbstractContextLoader    : Could not detect default resource locations for test class [shopping.coor.service.UserServiceTest]: no resource found for suffixes {-context.xml, Context.groovy}.
2022-04-10 02:37:36.274  INFO 4524 --- [    Test worker] t.c.s.AnnotationConfigContextLoaderUtils : Could not detect default configuration classes for test class [shopping.coor.service.UserServiceTest]: UserServiceTest does not declare any static, non-private, non-final, nested classes annotated with @Configuration.
2022-04-10 02:37:36.281  INFO 4524 --- [    Test worker] .b.t.c.SpringBootTestContextBootstrapper : Found @SpringBootConfiguration shopping.coor.CoorApplication for test class shopping.coor.service.UserServiceTest
2022-04-10 02:37:36.283  INFO 4524 --- [    Test worker] .b.t.c.SpringBootTestContextBootstrapper : Loaded default TestExecutionListener class names from location [META-INF/spring.factories]: [org.springframework.security.test.context.support.WithSecurityContextTestExecutionListener, org.springframework.security.test.context.support.ReactorContextTestExecutionListener, org.springframework.boot.test.autoconfigure.restdocs.RestDocsTestExecutionListener, org.springframework.boot.test.autoconfigure.web.client.MockRestServiceServerResetTestExecutionListener, org.springframework.boot.test.autoconfigure.web.servlet.MockMvcPrintOnlyOnFailureTestExecutionListener, org.springframework.boot.test.autoconfigure.web.servlet.WebDriverTestExecutionListener, org.springframework.boot.test.autoconfigure.webservices.client.MockWebServiceServerTestExecutionListener, org.springframework.boot.test.mock.mockito.MockitoTestExecutionListener, org.springframework.boot.test.mock.mockito.ResetMocksTestExecutionListener, org.springframework.test.context.web.ServletTestExecutionListener, org.springframework.test.context.support.DirtiesContextBeforeModesTestExecutionListener, org.springframework.test.context.event.ApplicationEventsTestExecutionListener, org.springframework.test.context.support.DependencyInjectionTestExecutionListener, org.springframework.test.context.support.DirtiesContextTestExecutionListener, org.springframework.test.context.transaction.TransactionalTestExecutionListener, org.springframework.test.context.jdbc.SqlScriptsTestExecutionListener, org.springframework.test.context.event.EventPublishingTestExecutionListener]
2022-04-10 02:37:36.284  INFO 4524 --- [    Test worker] .b.t.c.SpringBootTestContextBootstrapper : Using TestExecutionListeners: [org.springframework.test.context.web.ServletTestExecutionListener@4dfbe8c2, org.springframework.test.context.support.DirtiesContextBeforeModesTestExecutionListener@2bb03136, org.springframework.test.context.event.ApplicationEventsTestExecutionListener@78a46d7b, org.springframework.boot.test.mock.mockito.MockitoTestExecutionListener@2726b2f3, org.springframework.boot.test.autoconfigure.SpringBootDependencyInjectionTestExecutionListener@3509f32d, org.springframework.test.context.support.DirtiesContextTestExecutionListener@1f9a5d3b, org.springframework.test.context.transaction.TransactionalTestExecutionListener@440e2406, org.springframework.test.context.jdbc.SqlScriptsTestExecutionListener@56adb75e, org.springframework.security.test.context.support.WithSecurityContextTestExecutionListener@2cc7b63d, org.springframework.test.context.event.EventPublishingTestExecutionListener@6179551b, org.springframework.security.test.context.support.ReactorContextTestExecutionListener@54626326, org.springframework.boot.test.autoconfigure.restdocs.RestDocsTestExecutionListener@6f4e39b3, org.springframework.boot.test.autoconfigure.web.client.MockRestServiceServerResetTestExecutionListener@7ea91c39, org.springframework.boot.test.autoconfigure.web.servlet.MockMvcPrintOnlyOnFailureTestExecutionListener@55d35f7a, org.springframework.boot.test.autoconfigure.web.servlet.WebDriverTestExecutionListener@12ef7db5, org.springframework.boot.test.autoconfigure.webservices.client.MockWebServiceServerTestExecutionListener@c725dfa, org.springframework.boot.test.mock.mockito.ResetMocksTestExecutionListener@3a8cc099]
2022-04-10 02:37:36.329 DEBUG 4524 --- [    Test worker] org.hibernate.SQL                        : 
    select
        user0_.user_id as user_id1_3_,
        user0_.email as email2_3_,
        user0_.password as password3_3_,
        user0_.username as username4_3_ 
    from
        users user0_
22@naver.com
]]></system-out>
  <system-err><![CDATA[]]></system-err>
</testsuite>
