<?xml version="1.0" encoding="UTF-8"?>
<testsuite name="shopping.coor.CoorApplicationTests" tests="1" skipped="0" failures="0" errors="0" timestamp="2022-04-09T17:25:41" hostname="DESKTOP-L98HC6E" time="0.12">
  <properties/>
  <testcase name="contextLoads()" classname="shopping.coor.CoorApplicationTests" time="0.12"/>
  <system-out><![CDATA[02:25:35.614 [Test worker] DEBUG org.springframework.test.context.BootstrapUtils - Instantiating CacheAwareContextLoaderDelegate from class [org.springframework.test.context.cache.DefaultCacheAwareContextLoaderDelegate]
02:25:35.626 [Test worker] DEBUG org.springframework.test.context.BootstrapUtils - Instantiating BootstrapContext using constructor [public org.springframework.test.context.support.DefaultBootstrapContext(java.lang.Class,org.springframework.test.context.CacheAwareContextLoaderDelegate)]
02:25:35.664 [Test worker] DEBUG org.springframework.test.context.BootstrapUtils - Instantiating TestContextBootstrapper for test class [shopping.coor.CoorApplicationTests] from class [org.springframework.boot.test.context.SpringBootTestContextBootstrapper]
02:25:35.679 [Test worker] INFO org.springframework.boot.test.context.SpringBootTestContextBootstrapper - Neither @ContextConfiguration nor @ContextHierarchy found for test class [shopping.coor.CoorApplicationTests], using SpringBootContextLoader
02:25:35.683 [Test worker] DEBUG org.springframework.test.context.support.AbstractContextLoader - Did not detect default resource location for test class [shopping.coor.CoorApplicationTests]: class path resource [shopping/coor/CoorApplicationTests-context.xml] does not exist
02:25:35.684 [Test worker] DEBUG org.springframework.test.context.support.AbstractContextLoader - Did not detect default resource location for test class [shopping.coor.CoorApplicationTests]: class path resource [shopping/coor/CoorApplicationTestsContext.groovy] does not exist
02:25:35.684 [Test worker] INFO org.springframework.test.context.support.AbstractContextLoader - Could not detect default resource locations for test class [shopping.coor.CoorApplicationTests]: no resource found for suffixes {-context.xml, Context.groovy}.
02:25:35.684 [Test worker] INFO org.springframework.test.context.support.AnnotationConfigContextLoaderUtils - Could not detect default configuration classes for test class [shopping.coor.CoorApplicationTests]: CoorApplicationTests does not declare any static, non-private, non-final, nested classes annotated with @Configuration.
02:25:35.726 [Test worker] DEBUG org.springframework.test.context.support.ActiveProfilesUtils - Could not find an 'annotation declaring class' for annotation type [org.springframework.test.context.ActiveProfiles] and class [shopping.coor.CoorApplicationTests]
02:25:35.784 [Test worker] DEBUG org.springframework.context.annotation.ClassPathScanningCandidateComponentProvider - Identified candidate component class: file [C:\Users\user\Downloads\shopping-back\build\classes\java\main\shopping\coor\CoorApplication.class]
02:25:35.785 [Test worker] INFO org.springframework.boot.test.context.SpringBootTestContextBootstrapper - Found @SpringBootConfiguration shopping.coor.CoorApplication for test class shopping.coor.CoorApplicationTests
02:25:35.903 [Test worker] DEBUG org.springframework.boot.test.context.SpringBootTestContextBootstrapper - @TestExecutionListeners is not present for class [shopping.coor.CoorApplicationTests]: using defaults.
02:25:35.903 [Test worker] INFO org.springframework.boot.test.context.SpringBootTestContextBootstrapper - Loaded default TestExecutionListener class names from location [META-INF/spring.factories]: [org.springframework.security.test.context.support.WithSecurityContextTestExecutionListener, org.springframework.security.test.context.support.ReactorContextTestExecutionListener, org.springframework.boot.test.autoconfigure.restdocs.RestDocsTestExecutionListener, org.springframework.boot.test.autoconfigure.web.client.MockRestServiceServerResetTestExecutionListener, org.springframework.boot.test.autoconfigure.web.servlet.MockMvcPrintOnlyOnFailureTestExecutionListener, org.springframework.boot.test.autoconfigure.web.servlet.WebDriverTestExecutionListener, org.springframework.boot.test.autoconfigure.webservices.client.MockWebServiceServerTestExecutionListener, org.springframework.boot.test.mock.mockito.MockitoTestExecutionListener, org.springframework.boot.test.mock.mockito.ResetMocksTestExecutionListener, org.springframework.test.context.web.ServletTestExecutionListener, org.springframework.test.context.support.DirtiesContextBeforeModesTestExecutionListener, org.springframework.test.context.event.ApplicationEventsTestExecutionListener, org.springframework.test.context.support.DependencyInjectionTestExecutionListener, org.springframework.test.context.support.DirtiesContextTestExecutionListener, org.springframework.test.context.transaction.TransactionalTestExecutionListener, org.springframework.test.context.jdbc.SqlScriptsTestExecutionListener, org.springframework.test.context.event.EventPublishingTestExecutionListener]
02:25:35.923 [Test worker] INFO org.springframework.boot.test.context.SpringBootTestContextBootstrapper - Using TestExecutionListeners: [org.springframework.test.context.web.ServletTestExecutionListener@58783f6c, org.springframework.test.context.support.DirtiesContextBeforeModesTestExecutionListener@3a7b503d, org.springframework.test.context.event.ApplicationEventsTestExecutionListener@512d92b, org.springframework.boot.test.mock.mockito.MockitoTestExecutionListener@62c5bbdc, org.springframework.boot.test.autoconfigure.SpringBootDependencyInjectionTestExecutionListener@7bdf6bb7, org.springframework.test.context.support.DirtiesContextTestExecutionListener@1bc53649, org.springframework.test.context.transaction.TransactionalTestExecutionListener@88d6f9b, org.springframework.test.context.jdbc.SqlScriptsTestExecutionListener@47d93e0d, org.springframework.security.test.context.support.WithSecurityContextTestExecutionListener@475b7792, org.springframework.test.context.event.EventPublishingTestExecutionListener@751e664e, org.springframework.security.test.context.support.ReactorContextTestExecutionListener@160c3ec1, org.springframework.boot.test.autoconfigure.restdocs.RestDocsTestExecutionListener@182b435b, org.springframework.boot.test.autoconfigure.web.client.MockRestServiceServerResetTestExecutionListener@4d0402b, org.springframework.boot.test.autoconfigure.web.servlet.MockMvcPrintOnlyOnFailureTestExecutionListener@2fa7ae9, org.springframework.boot.test.autoconfigure.web.servlet.WebDriverTestExecutionListener@7577b641, org.springframework.boot.test.autoconfigure.webservices.client.MockWebServiceServerTestExecutionListener@3704122f, org.springframework.boot.test.mock.mockito.ResetMocksTestExecutionListener@3153ddfc]
02:25:35.927 [Test worker] DEBUG org.springframework.test.context.support.AbstractDirtiesContextTestExecutionListener - Before test class: context [DefaultTestContext@6b85300e testClass = CoorApplicationTests, testInstance = [null], testMethod = [null], testException = [null], mergedContextConfiguration = [WebMergedContextConfiguration@3aaf4f07 testClass = CoorApplicationTests, locations = '{}', classes = '{class shopping.coor.CoorApplication}', contextInitializerClasses = '[]', activeProfiles = '{}', propertySourceLocations = '{}', propertySourceProperties = '{org.springframework.boot.test.context.SpringBootTestContextBootstrapper=true}', contextCustomizers = set[org.springframework.boot.test.autoconfigure.actuate.metrics.MetricsExportContextCustomizerFactory$DisableMetricExportContextCustomizer@6cfcd46d, org.springframework.boot.test.autoconfigure.properties.PropertyMappingContextCustomizer@0, org.springframework.boot.test.autoconfigure.web.servlet.WebDriverContextCustomizerFactory$Customizer@183e8023, org.springframework.boot.test.context.filter.ExcludeFilterContextCustomizer@30bcf3c1, org.springframework.boot.test.json.DuplicateJsonObjectContextCustomizerFactory$DuplicateJsonObjectContextCustomizer@5b444398, org.springframework.boot.test.mock.mockito.MockitoContextCustomizer@0, org.springframework.boot.test.web.client.TestRestTemplateContextCustomizer@56bca85b, org.springframework.boot.test.context.SpringBootTestArgs@1, org.springframework.boot.test.context.SpringBootTestWebEnvironment@51bf5add], resourceBasePath = 'src/main/webapp', contextLoader = 'org.springframework.boot.test.context.SpringBootContextLoader', parent = [null]], attributes = map['org.springframework.test.context.web.ServletTestExecutionListener.activateListener' -> true]], class annotated with @DirtiesContext [false] with mode [null].

  .   ____          _            __ _ _
 /\\ / ___'_ __ _ _(_)_ __  __ _ \ \ \ \
( ( )\___ | '_ | '_| | '_ \/ _` | \ \ \ \
 \\/  ___)| |_)| | | | | || (_| |  ) ) ) )
  '  |____| .__|_| |_|_| |_\__, | / / / /
 =========|_|==============|___/=/_/_/_/
 :: Spring Boot ::                (v2.6.6)

2022-04-10 02:25:36.331  INFO 31152 --- [    Test worker] shopping.coor.CoorApplicationTests       : Starting CoorApplicationTests using Java 11.0.10 on DESKTOP-L98HC6E with PID 31152 (started by user in C:\Users\user\Downloads\shopping-back)
2022-04-10 02:25:36.332  INFO 31152 --- [    Test worker] shopping.coor.CoorApplicationTests       : No active profile set, falling back to 1 default profile: "default"
2022-04-10 02:25:37.077  INFO 31152 --- [    Test worker] .s.d.r.c.RepositoryConfigurationDelegate : Bootstrapping Spring Data JPA repositories in DEFAULT mode.
2022-04-10 02:25:37.156  INFO 31152 --- [    Test worker] .s.d.r.c.RepositoryConfigurationDelegate : Finished Spring Data repository scanning in 70 ms. Found 3 JPA repository interfaces.
2022-04-10 02:25:37.779  INFO 31152 --- [    Test worker] o.hibernate.jpa.internal.util.LogHelper  : HHH000204: Processing PersistenceUnitInfo [name: default]
2022-04-10 02:25:37.847  INFO 31152 --- [    Test worker] org.hibernate.Version                    : HHH000412: Hibernate ORM core version 5.6.7.Final
2022-04-10 02:25:38.047  INFO 31152 --- [    Test worker] o.hibernate.annotations.common.Version   : HCANN000001: Hibernate Commons Annotations {5.1.2.Final}
2022-04-10 02:25:38.176  INFO 31152 --- [    Test worker] com.zaxxer.hikari.HikariDataSource       : HikariPool-1 - Starting...
2022-04-10 02:25:38.562  INFO 31152 --- [    Test worker] com.zaxxer.hikari.HikariDataSource       : HikariPool-1 - Start completed.
2022-04-10 02:25:38.582  INFO 31152 --- [    Test worker] org.hibernate.dialect.Dialect            : HHH000400: Using dialect: org.hibernate.dialect.MySQL5InnoDBDialect
2022-04-10 02:25:39.434  INFO 31152 --- [    Test worker] o.h.e.t.j.p.i.JtaPlatformInitiator       : HHH000490: Using JtaPlatform implementation: [org.hibernate.engine.transaction.jta.platform.internal.NoJtaPlatform]
2022-04-10 02:25:39.443  INFO 31152 --- [    Test worker] j.LocalContainerEntityManagerFactoryBean : Initialized JPA EntityManagerFactory for persistence unit 'default'
2022-04-10 02:25:40.776  INFO 31152 --- [    Test worker] o.s.s.web.DefaultSecurityFilterChain     : Will not secure any request
2022-04-10 02:25:41.312  INFO 31152 --- [    Test worker] shopping.coor.CoorApplicationTests       : Started CoorApplicationTests in 5.346 seconds (JVM running for 7.606)
]]></system-out>
  <system-err><![CDATA[]]></system-err>
</testsuite>
