<?xml version="1.0" encoding="UTF-8"?>
<testsuite name="shopping.coor.service.ItemServiceTest" tests="1" skipped="0" failures="0" errors="0" timestamp="2022-04-26T05:01:41" hostname="DESKTOP-L98HC6E" time="0.129">
  <properties/>
  <testcase name="상품_추가()" classname="shopping.coor.service.ItemServiceTest" time="0.129"/>
  <system-out><![CDATA[[2022-04-26 14:01:41:9791][Test worker] INFO  o.s.b.t.c.SpringBootTestContextBootstrapper - Neither @ContextConfiguration nor @ContextHierarchy found for test class [shopping.coor.service.ItemServiceTest], using SpringBootContextLoader
[2022-04-26 14:01:41:9793][Test worker] INFO  o.s.t.c.s.AbstractContextLoader - Could not detect default resource locations for test class [shopping.coor.service.ItemServiceTest]: no resource found for suffixes {-context.xml, Context.groovy}.
[2022-04-26 14:01:41:9793][Test worker] INFO  o.s.t.c.s.AnnotationConfigContextLoaderUtils - Could not detect default configuration classes for test class [shopping.coor.service.ItemServiceTest]: ItemServiceTest does not declare any static, non-private, non-final, nested classes annotated with @Configuration.
[2022-04-26 14:01:41:9800][Test worker] INFO  o.s.b.t.c.SpringBootTestContextBootstrapper - Found @SpringBootConfiguration shopping.coor.CoorApplication for test class shopping.coor.service.ItemServiceTest
[2022-04-26 14:01:41:9803][Test worker] INFO  o.s.b.t.c.SpringBootTestContextBootstrapper - Loaded default TestExecutionListener class names from location [META-INF/spring.factories]: [org.springframework.security.test.context.support.WithSecurityContextTestExecutionListener, org.springframework.security.test.context.support.ReactorContextTestExecutionListener, org.springframework.boot.test.autoconfigure.restdocs.RestDocsTestExecutionListener, org.springframework.boot.test.autoconfigure.web.client.MockRestServiceServerResetTestExecutionListener, org.springframework.boot.test.autoconfigure.web.servlet.MockMvcPrintOnlyOnFailureTestExecutionListener, org.springframework.boot.test.autoconfigure.web.servlet.WebDriverTestExecutionListener, org.springframework.boot.test.autoconfigure.webservices.client.MockWebServiceServerTestExecutionListener, org.springframework.boot.test.mock.mockito.MockitoTestExecutionListener, org.springframework.boot.test.mock.mockito.ResetMocksTestExecutionListener, org.springframework.test.context.web.ServletTestExecutionListener, org.springframework.test.context.support.DirtiesContextBeforeModesTestExecutionListener, org.springframework.test.context.event.ApplicationEventsTestExecutionListener, org.springframework.test.context.support.DependencyInjectionTestExecutionListener, org.springframework.test.context.support.DirtiesContextTestExecutionListener, org.springframework.test.context.transaction.TransactionalTestExecutionListener, org.springframework.test.context.jdbc.SqlScriptsTestExecutionListener, org.springframework.test.context.event.EventPublishingTestExecutionListener]
[2022-04-26 14:01:41:9804][Test worker] INFO  o.s.b.t.c.SpringBootTestContextBootstrapper - Using TestExecutionListeners: [org.springframework.test.context.web.ServletTestExecutionListener@c7ec499, org.springframework.test.context.support.DirtiesContextBeforeModesTestExecutionListener@38300447, org.springframework.test.context.event.ApplicationEventsTestExecutionListener@14484887, org.springframework.boot.test.mock.mockito.MockitoTestExecutionListener@48c42253, org.springframework.boot.test.autoconfigure.SpringBootDependencyInjectionTestExecutionListener@32647dde, org.springframework.test.context.support.DirtiesContextTestExecutionListener@ace45e9, org.springframework.test.context.transaction.TransactionalTestExecutionListener@5c943847, org.springframework.test.context.jdbc.SqlScriptsTestExecutionListener@352b5f3c, org.springframework.security.test.context.support.WithSecurityContextTestExecutionListener@24305eca, org.springframework.test.context.event.EventPublishingTestExecutionListener@5ca9a6a8, org.springframework.security.test.context.support.ReactorContextTestExecutionListener@2102eb7a, org.springframework.boot.test.autoconfigure.restdocs.RestDocsTestExecutionListener@4ebf82d9, org.springframework.boot.test.autoconfigure.web.client.MockRestServiceServerResetTestExecutionListener@685f43ca, org.springframework.boot.test.autoconfigure.web.servlet.MockMvcPrintOnlyOnFailureTestExecutionListener@7952348f, org.springframework.boot.test.autoconfigure.web.servlet.WebDriverTestExecutionListener@4f3d49e4, org.springframework.boot.test.autoconfigure.webservices.client.MockWebServiceServerTestExecutionListener@7d26b390, org.springframework.boot.test.mock.mockito.ResetMocksTestExecutionListener@6ff5eeed]
[2022-04-26 14:01:41:9828][Test worker] INFO  o.s.t.c.t.TransactionContext - Began transaction (1) for test context [DefaultTestContext@6cf58989 testClass = ItemServiceTest, testInstance = shopping.coor.service.ItemServiceTest@3a1dc432, testMethod = 상품_추가@ItemServiceTest, testException = [null], mergedContextConfiguration = [WebMergedContextConfiguration@4c18b432 testClass = ItemServiceTest, locations = '{}', classes = '{class shopping.coor.CoorApplication}', contextInitializerClasses = '[]', activeProfiles = '{}', propertySourceLocations = '{}', propertySourceProperties = '{org.springframework.boot.test.context.SpringBootTestContextBootstrapper=true}', contextCustomizers = set[org.springframework.boot.test.autoconfigure.actuate.metrics.MetricsExportContextCustomizerFactory$DisableMetricExportContextCustomizer@1fcb4808, org.springframework.boot.test.autoconfigure.properties.PropertyMappingContextCustomizer@0, org.springframework.boot.test.autoconfigure.web.servlet.WebDriverContextCustomizerFactory$Customizer@58ebfd03, org.springframework.boot.test.context.filter.ExcludeFilterContextCustomizer@6d304f9d, org.springframework.boot.test.json.DuplicateJsonObjectContextCustomizerFactory$DuplicateJsonObjectContextCustomizer@2fea7088, org.springframework.boot.test.mock.mockito.MockitoContextCustomizer@0, org.springframework.boot.test.web.client.TestRestTemplateContextCustomizer@16ecee1, org.springframework.boot.test.context.SpringBootTestArgs@1, org.springframework.boot.test.context.SpringBootTestWebEnvironment@102cec62], resourceBasePath = 'src/main/webapp', contextLoader = 'org.springframework.boot.test.context.SpringBootContextLoader', parent = [null]], attributes = map['org.springframework.test.context.web.ServletTestExecutionListener.activateListener' -> true, 'org.springframework.test.context.web.ServletTestExecutionListener.populatedRequestContextHolder' -> true, 'org.springframework.test.context.web.ServletTestExecutionListener.resetRequestContextHolder' -> true, 'org.springframework.test.context.event.ApplicationEventsTestExecutionListener.recordApplicationEvents' -> false]]; transaction manager [org.springframework.orm.jpa.JpaTransactionManager@770635f8]; rollback [true]
[2022-04-26 14:01:41:9837][Test worker] INFO  s.coor.infra.log.ThreadLocalLogTrace - ------------------------------763a52df's transaction start------------------------------
[2022-04-26 14:01:41:9837][Test worker] INFO  s.coor.infra.log.ThreadLocalLogTrace - [763a52df] CrudRepository.save(..)
[2022-04-26 14:01:41:9898][Test worker] DEBUG org.hibernate.SQL - 
    insert 
    into
        item
        (category, discount_price, info, material, price, size, title) 
    values
        (?, ?, ?, ?, ?, ?, ?)
[2022-04-26 14:01:41:9910][Test worker] INFO  s.coor.infra.log.ThreadLocalLogTrace - [763a52df] CrudRepository.save(..) time=73ms
[2022-04-26 14:01:41:9910][Test worker] INFO  s.coor.infra.log.ThreadLocalLogTrace - -------------------------------763a52df's transaction end/73ms-------------------------
[2022-04-26 14:01:41:9934][Test worker] INFO  o.s.t.c.t.TransactionContext - Rolled back transaction for test: [DefaultTestContext@6cf58989 testClass = ItemServiceTest, testInstance = shopping.coor.service.ItemServiceTest@3a1dc432, testMethod = 상품_추가@ItemServiceTest, testException = [null], mergedContextConfiguration = [WebMergedContextConfiguration@4c18b432 testClass = ItemServiceTest, locations = '{}', classes = '{class shopping.coor.CoorApplication}', contextInitializerClasses = '[]', activeProfiles = '{}', propertySourceLocations = '{}', propertySourceProperties = '{org.springframework.boot.test.context.SpringBootTestContextBootstrapper=true}', contextCustomizers = set[org.springframework.boot.test.autoconfigure.actuate.metrics.MetricsExportContextCustomizerFactory$DisableMetricExportContextCustomizer@1fcb4808, org.springframework.boot.test.autoconfigure.properties.PropertyMappingContextCustomizer@0, org.springframework.boot.test.autoconfigure.web.servlet.WebDriverContextCustomizerFactory$Customizer@58ebfd03, org.springframework.boot.test.context.filter.ExcludeFilterContextCustomizer@6d304f9d, org.springframework.boot.test.json.DuplicateJsonObjectContextCustomizerFactory$DuplicateJsonObjectContextCustomizer@2fea7088, org.springframework.boot.test.mock.mockito.MockitoContextCustomizer@0, org.springframework.boot.test.web.client.TestRestTemplateContextCustomizer@16ecee1, org.springframework.boot.test.context.SpringBootTestArgs@1, org.springframework.boot.test.context.SpringBootTestWebEnvironment@102cec62], resourceBasePath = 'src/main/webapp', contextLoader = 'org.springframework.boot.test.context.SpringBootContextLoader', parent = [null]], attributes = map['org.springframework.test.context.web.ServletTestExecutionListener.activateListener' -> true, 'org.springframework.test.context.web.ServletTestExecutionListener.populatedRequestContextHolder' -> true, 'org.springframework.test.context.web.ServletTestExecutionListener.resetRequestContextHolder' -> true, 'org.springframework.test.context.event.ApplicationEventsTestExecutionListener.recordApplicationEvents' -> false]]
]]></system-out>
  <system-err><![CDATA[]]></system-err>
</testsuite>
