<?xml version="1.0" encoding="UTF-8"?>
<testsuite name="shopping.coor.service.UserServiceTest" tests="1" skipped="0" failures="0" errors="0" timestamp="2022-04-09T17:19:36" hostname="DESKTOP-L98HC6E" time="0.066">
  <properties/>
  <testcase name="그냥테스트()" classname="shopping.coor.service.UserServiceTest" time="0.066"/>
  <system-out><![CDATA[2022-04-10 02:19:36.027  INFO 24968 --- [    Test worker] .b.t.c.SpringBootTestContextBootstrapper : Neither @ContextConfiguration nor @ContextHierarchy found for test class [shopping.coor.service.UserServiceTest], using SpringBootContextLoader
2022-04-10 02:19:36.028  INFO 24968 --- [    Test worker] o.s.t.c.support.AbstractContextLoader    : Could not detect default resource locations for test class [shopping.coor.service.UserServiceTest]: no resource found for suffixes {-context.xml, Context.groovy}.
2022-04-10 02:19:36.028  INFO 24968 --- [    Test worker] t.c.s.AnnotationConfigContextLoaderUtils : Could not detect default configuration classes for test class [shopping.coor.service.UserServiceTest]: UserServiceTest does not declare any static, non-private, non-final, nested classes annotated with @Configuration.
2022-04-10 02:19:36.035  INFO 24968 --- [    Test worker] .b.t.c.SpringBootTestContextBootstrapper : Found @SpringBootConfiguration shopping.coor.CoorApplication for test class shopping.coor.service.UserServiceTest
2022-04-10 02:19:36.037  INFO 24968 --- [    Test worker] .b.t.c.SpringBootTestContextBootstrapper : Loaded default TestExecutionListener class names from location [META-INF/spring.factories]: [org.springframework.security.test.context.support.WithSecurityContextTestExecutionListener, org.springframework.security.test.context.support.ReactorContextTestExecutionListener, org.springframework.boot.test.autoconfigure.restdocs.RestDocsTestExecutionListener, org.springframework.boot.test.autoconfigure.web.client.MockRestServiceServerResetTestExecutionListener, org.springframework.boot.test.autoconfigure.web.servlet.MockMvcPrintOnlyOnFailureTestExecutionListener, org.springframework.boot.test.autoconfigure.web.servlet.WebDriverTestExecutionListener, org.springframework.boot.test.autoconfigure.webservices.client.MockWebServiceServerTestExecutionListener, org.springframework.boot.test.mock.mockito.MockitoTestExecutionListener, org.springframework.boot.test.mock.mockito.ResetMocksTestExecutionListener, org.springframework.test.context.web.ServletTestExecutionListener, org.springframework.test.context.support.DirtiesContextBeforeModesTestExecutionListener, org.springframework.test.context.event.ApplicationEventsTestExecutionListener, org.springframework.test.context.support.DependencyInjectionTestExecutionListener, org.springframework.test.context.support.DirtiesContextTestExecutionListener, org.springframework.test.context.transaction.TransactionalTestExecutionListener, org.springframework.test.context.jdbc.SqlScriptsTestExecutionListener, org.springframework.test.context.event.EventPublishingTestExecutionListener]
2022-04-10 02:19:36.038  INFO 24968 --- [    Test worker] .b.t.c.SpringBootTestContextBootstrapper : Using TestExecutionListeners: [org.springframework.test.context.web.ServletTestExecutionListener@530aa75c, org.springframework.test.context.support.DirtiesContextBeforeModesTestExecutionListener@593d0173, org.springframework.test.context.event.ApplicationEventsTestExecutionListener@4a0a93ce, org.springframework.boot.test.mock.mockito.MockitoTestExecutionListener@64404db6, org.springframework.boot.test.autoconfigure.SpringBootDependencyInjectionTestExecutionListener@62f63625, org.springframework.test.context.support.DirtiesContextTestExecutionListener@53f18591, org.springframework.test.context.transaction.TransactionalTestExecutionListener@4dfbe8c2, org.springframework.test.context.jdbc.SqlScriptsTestExecutionListener@2bb03136, org.springframework.security.test.context.support.WithSecurityContextTestExecutionListener@78a46d7b, org.springframework.test.context.event.EventPublishingTestExecutionListener@2726b2f3, org.springframework.security.test.context.support.ReactorContextTestExecutionListener@3509f32d, org.springframework.boot.test.autoconfigure.restdocs.RestDocsTestExecutionListener@1f9a5d3b, org.springframework.boot.test.autoconfigure.web.client.MockRestServiceServerResetTestExecutionListener@440e2406, org.springframework.boot.test.autoconfigure.web.servlet.MockMvcPrintOnlyOnFailureTestExecutionListener@56adb75e, org.springframework.boot.test.autoconfigure.web.servlet.WebDriverTestExecutionListener@2cc7b63d, org.springframework.boot.test.autoconfigure.webservices.client.MockWebServiceServerTestExecutionListener@6179551b, org.springframework.boot.test.mock.mockito.ResetMocksTestExecutionListener@54626326]
2022-04-10 02:19:36.074 DEBUG 24968 --- [    Test worker] org.hibernate.SQL                        : 
    select
        user0_.user_id as user_id1_3_,
        user0_.email as email2_3_,
        user0_.password as password3_3_,
        user0_.username as username4_3_ 
    from
        users user0_
22@naver.com
]]></system-out>
  <system-err><![CDATA[]]></system-err>
</testsuite>
