<?xml version="1.0" encoding="UTF-8"?>
<testsuite name="shopping.coor.service.UserServiceTest" tests="1" skipped="0" failures="0" errors="0" timestamp="2022-04-21T15:04:09" hostname="DESKTOP-L98HC6E" time="0.124">
  <properties/>
  <testcase name="그냥테스트()" classname="shopping.coor.service.UserServiceTest" time="0.124"/>
  <system-out><![CDATA[[2022-04-22 00:04:09:13059][Test worker] INFO  o.s.b.t.c.SpringBootTestContextBootstrapper - Neither @ContextConfiguration nor @ContextHierarchy found for test class [shopping.coor.service.UserServiceTest], using SpringBootContextLoader
[2022-04-22 00:04:09:13061][Test worker] INFO  o.s.t.c.s.AbstractContextLoader - Could not detect default resource locations for test class [shopping.coor.service.UserServiceTest]: no resource found for suffixes {-context.xml, Context.groovy}.
[2022-04-22 00:04:09:13061][Test worker] INFO  o.s.t.c.s.AnnotationConfigContextLoaderUtils - Could not detect default configuration classes for test class [shopping.coor.service.UserServiceTest]: UserServiceTest does not declare any static, non-private, non-final, nested classes annotated with @Configuration.
[2022-04-22 00:04:09:13070][Test worker] INFO  o.s.b.t.c.SpringBootTestContextBootstrapper - Found @SpringBootConfiguration shopping.coor.CoorApplication for test class shopping.coor.service.UserServiceTest
[2022-04-22 00:04:09:13073][Test worker] INFO  o.s.b.t.c.SpringBootTestContextBootstrapper - Loaded default TestExecutionListener class names from location [META-INF/spring.factories]: [org.springframework.security.test.context.support.WithSecurityContextTestExecutionListener, org.springframework.security.test.context.support.ReactorContextTestExecutionListener, org.springframework.boot.test.autoconfigure.restdocs.RestDocsTestExecutionListener, org.springframework.boot.test.autoconfigure.web.client.MockRestServiceServerResetTestExecutionListener, org.springframework.boot.test.autoconfigure.web.servlet.MockMvcPrintOnlyOnFailureTestExecutionListener, org.springframework.boot.test.autoconfigure.web.servlet.WebDriverTestExecutionListener, org.springframework.boot.test.autoconfigure.webservices.client.MockWebServiceServerTestExecutionListener, org.springframework.boot.test.mock.mockito.MockitoTestExecutionListener, org.springframework.boot.test.mock.mockito.ResetMocksTestExecutionListener, org.springframework.test.context.web.ServletTestExecutionListener, org.springframework.test.context.support.DirtiesContextBeforeModesTestExecutionListener, org.springframework.test.context.event.ApplicationEventsTestExecutionListener, org.springframework.test.context.support.DependencyInjectionTestExecutionListener, org.springframework.test.context.support.DirtiesContextTestExecutionListener, org.springframework.test.context.transaction.TransactionalTestExecutionListener, org.springframework.test.context.jdbc.SqlScriptsTestExecutionListener, org.springframework.test.context.event.EventPublishingTestExecutionListener]
[2022-04-22 00:04:09:13074][Test worker] INFO  o.s.b.t.c.SpringBootTestContextBootstrapper - Using TestExecutionListeners: [org.springframework.test.context.web.ServletTestExecutionListener@56aacc7b, org.springframework.test.context.support.DirtiesContextBeforeModesTestExecutionListener@112d94d, org.springframework.test.context.event.ApplicationEventsTestExecutionListener@6e832c9, org.springframework.boot.test.mock.mockito.MockitoTestExecutionListener@42f40ad0, org.springframework.boot.test.autoconfigure.SpringBootDependencyInjectionTestExecutionListener@423ddfe1, org.springframework.test.context.support.DirtiesContextTestExecutionListener@5572be5a, org.springframework.test.context.transaction.TransactionalTestExecutionListener@124ba047, org.springframework.test.context.jdbc.SqlScriptsTestExecutionListener@700b9a54, org.springframework.security.test.context.support.WithSecurityContextTestExecutionListener@5c658163, org.springframework.test.context.event.EventPublishingTestExecutionListener@1ca574db, org.springframework.security.test.context.support.ReactorContextTestExecutionListener@5323b690, org.springframework.boot.test.autoconfigure.restdocs.RestDocsTestExecutionListener@7fd65f9a, org.springframework.boot.test.autoconfigure.web.client.MockRestServiceServerResetTestExecutionListener@f48a79a, org.springframework.boot.test.autoconfigure.web.servlet.MockMvcPrintOnlyOnFailureTestExecutionListener@38fc1904, org.springframework.boot.test.autoconfigure.web.servlet.WebDriverTestExecutionListener@7625bfbd, org.springframework.boot.test.autoconfigure.webservices.client.MockWebServiceServerTestExecutionListener@3bc2146c, org.springframework.boot.test.mock.mockito.ResetMocksTestExecutionListener@717c00f9]
[2022-04-22 00:04:09:13111][Test worker] INFO  s.coor.infra.log.ThreadLocalLogTrace - ------------------------------ea18c428's transaction start------------------------------
[2022-04-22 00:04:09:13111][Test worker] INFO  s.coor.infra.log.ThreadLocalLogTrace - [ea18c428] UserServiceImpl.selectAll()
[2022-04-22 00:04:09:13119][Test worker] INFO  s.coor.infra.log.ThreadLocalLogTrace - [ea18c428] |-->UserRepository.selectAll()
[2022-04-22 00:04:09:13135][Test worker] DEBUG org.hibernate.SQL - 
    select
        user0_.user_id as user_id1_4_,
        user0_.email as email2_4_,
        user0_.password as password3_4_,
        user0_.username as username4_4_ 
    from
        users user0_
[2022-04-22 00:04:09:13176][Test worker] INFO  s.coor.infra.log.ThreadLocalLogTrace - [ea18c428] |<--UserRepository.selectAll() time=57ms
[2022-04-22 00:04:09:13177][Test worker] INFO  s.coor.infra.log.ThreadLocalLogTrace - [ea18c428] UserServiceImpl.selectAll() time=66ms
[2022-04-22 00:04:09:13177][Test worker] INFO  s.coor.infra.log.ThreadLocalLogTrace - -------------------------------ea18c428's transaction end/66ms-------------------------
w@naver.com
www@naver.com
w1@naver.com
w22@naver.com
w2222@naver.com
wlsdiq2kdrk@gmail.com
111w@naver.com
w111111111@naver.com
w555@naver.com
33w@naver.com
w66666@naver.com
kim222@naver.com
kim112@naver.com
wlsdi3qkdrk@gmail.com
]]></system-out>
  <system-err><![CDATA[]]></system-err>
</testsuite>
