<?xml version="1.0" encoding="UTF-8"?>
<testsuite name="shopping.coor.service.ItemServiceTest" tests="1" skipped="0" failures="0" errors="0" timestamp="2022-04-26T04:53:40" hostname="DESKTOP-L98HC6E" time="0.128">
  <properties/>
  <testcase name="상품_추가()" classname="shopping.coor.service.ItemServiceTest" time="0.128"/>
  <system-out><![CDATA[[2022-04-26 13:53:40:9299][Test worker] INFO  o.s.b.t.c.SpringBootTestContextBootstrapper - Neither @ContextConfiguration nor @ContextHierarchy found for test class [shopping.coor.service.ItemServiceTest], using SpringBootContextLoader
[2022-04-26 13:53:40:9301][Test worker] INFO  o.s.t.c.s.AbstractContextLoader - Could not detect default resource locations for test class [shopping.coor.service.ItemServiceTest]: no resource found for suffixes {-context.xml, Context.groovy}.
[2022-04-26 13:53:40:9301][Test worker] INFO  o.s.t.c.s.AnnotationConfigContextLoaderUtils - Could not detect default configuration classes for test class [shopping.coor.service.ItemServiceTest]: ItemServiceTest does not declare any static, non-private, non-final, nested classes annotated with @Configuration.
[2022-04-26 13:53:40:9309][Test worker] INFO  o.s.b.t.c.SpringBootTestContextBootstrapper - Found @SpringBootConfiguration shopping.coor.CoorApplication for test class shopping.coor.service.ItemServiceTest
[2022-04-26 13:53:40:9311][Test worker] INFO  o.s.b.t.c.SpringBootTestContextBootstrapper - Loaded default TestExecutionListener class names from location [META-INF/spring.factories]: [org.springframework.security.test.context.support.WithSecurityContextTestExecutionListener, org.springframework.security.test.context.support.ReactorContextTestExecutionListener, org.springframework.boot.test.autoconfigure.restdocs.RestDocsTestExecutionListener, org.springframework.boot.test.autoconfigure.web.client.MockRestServiceServerResetTestExecutionListener, org.springframework.boot.test.autoconfigure.web.servlet.MockMvcPrintOnlyOnFailureTestExecutionListener, org.springframework.boot.test.autoconfigure.web.servlet.WebDriverTestExecutionListener, org.springframework.boot.test.autoconfigure.webservices.client.MockWebServiceServerTestExecutionListener, org.springframework.boot.test.mock.mockito.MockitoTestExecutionListener, org.springframework.boot.test.mock.mockito.ResetMocksTestExecutionListener, org.springframework.test.context.web.ServletTestExecutionListener, org.springframework.test.context.support.DirtiesContextBeforeModesTestExecutionListener, org.springframework.test.context.event.ApplicationEventsTestExecutionListener, org.springframework.test.context.support.DependencyInjectionTestExecutionListener, org.springframework.test.context.support.DirtiesContextTestExecutionListener, org.springframework.test.context.transaction.TransactionalTestExecutionListener, org.springframework.test.context.jdbc.SqlScriptsTestExecutionListener, org.springframework.test.context.event.EventPublishingTestExecutionListener]
[2022-04-26 13:53:40:9312][Test worker] INFO  o.s.b.t.c.SpringBootTestContextBootstrapper - Using TestExecutionListeners: [org.springframework.test.context.web.ServletTestExecutionListener@36a65069, org.springframework.test.context.support.DirtiesContextBeforeModesTestExecutionListener@2762e9a7, org.springframework.test.context.event.ApplicationEventsTestExecutionListener@5b8e2ea7, org.springframework.boot.test.mock.mockito.MockitoTestExecutionListener@6b994b71, org.springframework.boot.test.autoconfigure.SpringBootDependencyInjectionTestExecutionListener@6fb87b73, org.springframework.test.context.support.DirtiesContextTestExecutionListener@5f2788f2, org.springframework.test.context.transaction.TransactionalTestExecutionListener@75f67ea7, org.springframework.test.context.jdbc.SqlScriptsTestExecutionListener@549561ab, org.springframework.security.test.context.support.WithSecurityContextTestExecutionListener@785aeba9, org.springframework.test.context.event.EventPublishingTestExecutionListener@1bd98c48, org.springframework.security.test.context.support.ReactorContextTestExecutionListener@5d9ccad2, org.springframework.boot.test.autoconfigure.restdocs.RestDocsTestExecutionListener@22fb60f3, org.springframework.boot.test.autoconfigure.web.client.MockRestServiceServerResetTestExecutionListener@dd3d0a6, org.springframework.boot.test.autoconfigure.web.servlet.MockMvcPrintOnlyOnFailureTestExecutionListener@5abfb698, org.springframework.boot.test.autoconfigure.web.servlet.WebDriverTestExecutionListener@61ce2d47, org.springframework.boot.test.autoconfigure.webservices.client.MockWebServiceServerTestExecutionListener@184b3575, org.springframework.boot.test.mock.mockito.ResetMocksTestExecutionListener@b0e903a]
[2022-04-26 13:53:40:9338][Test worker] INFO  o.s.t.c.t.TransactionContext - Began transaction (1) for test context [DefaultTestContext@2b35976a testClass = ItemServiceTest, testInstance = shopping.coor.service.ItemServiceTest@67c64b9c, testMethod = 상품_추가@ItemServiceTest, testException = [null], mergedContextConfiguration = [WebMergedContextConfiguration@311d8595 testClass = ItemServiceTest, locations = '{}', classes = '{class shopping.coor.CoorApplication}', contextInitializerClasses = '[]', activeProfiles = '{}', propertySourceLocations = '{}', propertySourceProperties = '{org.springframework.boot.test.context.SpringBootTestContextBootstrapper=true}', contextCustomizers = set[org.springframework.boot.test.autoconfigure.actuate.metrics.MetricsExportContextCustomizerFactory$DisableMetricExportContextCustomizer@1fcb4808, org.springframework.boot.test.autoconfigure.properties.PropertyMappingContextCustomizer@0, org.springframework.boot.test.autoconfigure.web.servlet.WebDriverContextCustomizerFactory$Customizer@58ebfd03, org.springframework.boot.test.context.filter.ExcludeFilterContextCustomizer@6d304f9d, org.springframework.boot.test.json.DuplicateJsonObjectContextCustomizerFactory$DuplicateJsonObjectContextCustomizer@2fea7088, org.springframework.boot.test.mock.mockito.MockitoContextCustomizer@0, org.springframework.boot.test.web.client.TestRestTemplateContextCustomizer@16ecee1, org.springframework.boot.test.context.SpringBootTestArgs@1, org.springframework.boot.test.context.SpringBootTestWebEnvironment@102cec62], resourceBasePath = 'src/main/webapp', contextLoader = 'org.springframework.boot.test.context.SpringBootContextLoader', parent = [null]], attributes = map['org.springframework.test.context.web.ServletTestExecutionListener.activateListener' -> true, 'org.springframework.test.context.web.ServletTestExecutionListener.populatedRequestContextHolder' -> true, 'org.springframework.test.context.web.ServletTestExecutionListener.resetRequestContextHolder' -> true, 'org.springframework.test.context.event.ApplicationEventsTestExecutionListener.recordApplicationEvents' -> false]]; transaction manager [org.springframework.orm.jpa.JpaTransactionManager@788cb7b0]; rollback [true]
[2022-04-26 13:53:40:9348][Test worker] INFO  s.coor.infra.log.ThreadLocalLogTrace - ------------------------------a834f638's transaction start------------------------------
[2022-04-26 13:53:40:9348][Test worker] INFO  s.coor.infra.log.ThreadLocalLogTrace - [a834f638] CrudRepository.save(..)
[2022-04-26 13:53:40:9406][Test worker] DEBUG org.hibernate.SQL - 
    insert 
    into
        item
        (category, discount_price, info, material, price, size, title) 
    values
        (?, ?, ?, ?, ?, ?, ?)
[2022-04-26 13:53:40:9420][Test worker] INFO  s.coor.infra.log.ThreadLocalLogTrace - [a834f638] CrudRepository.save(..) time=72ms
[2022-04-26 13:53:40:9420][Test worker] INFO  s.coor.infra.log.ThreadLocalLogTrace - -------------------------------a834f638's transaction end/72ms-------------------------
[2022-04-26 13:53:40:9441][Test worker] INFO  o.s.t.c.t.TransactionContext - Rolled back transaction for test: [DefaultTestContext@2b35976a testClass = ItemServiceTest, testInstance = shopping.coor.service.ItemServiceTest@67c64b9c, testMethod = 상품_추가@ItemServiceTest, testException = [null], mergedContextConfiguration = [WebMergedContextConfiguration@311d8595 testClass = ItemServiceTest, locations = '{}', classes = '{class shopping.coor.CoorApplication}', contextInitializerClasses = '[]', activeProfiles = '{}', propertySourceLocations = '{}', propertySourceProperties = '{org.springframework.boot.test.context.SpringBootTestContextBootstrapper=true}', contextCustomizers = set[org.springframework.boot.test.autoconfigure.actuate.metrics.MetricsExportContextCustomizerFactory$DisableMetricExportContextCustomizer@1fcb4808, org.springframework.boot.test.autoconfigure.properties.PropertyMappingContextCustomizer@0, org.springframework.boot.test.autoconfigure.web.servlet.WebDriverContextCustomizerFactory$Customizer@58ebfd03, org.springframework.boot.test.context.filter.ExcludeFilterContextCustomizer@6d304f9d, org.springframework.boot.test.json.DuplicateJsonObjectContextCustomizerFactory$DuplicateJsonObjectContextCustomizer@2fea7088, org.springframework.boot.test.mock.mockito.MockitoContextCustomizer@0, org.springframework.boot.test.web.client.TestRestTemplateContextCustomizer@16ecee1, org.springframework.boot.test.context.SpringBootTestArgs@1, org.springframework.boot.test.context.SpringBootTestWebEnvironment@102cec62], resourceBasePath = 'src/main/webapp', contextLoader = 'org.springframework.boot.test.context.SpringBootContextLoader', parent = [null]], attributes = map['org.springframework.test.context.web.ServletTestExecutionListener.activateListener' -> true, 'org.springframework.test.context.web.ServletTestExecutionListener.populatedRequestContextHolder' -> true, 'org.springframework.test.context.web.ServletTestExecutionListener.resetRequestContextHolder' -> true, 'org.springframework.test.context.event.ApplicationEventsTestExecutionListener.recordApplicationEvents' -> false]]
]]></system-out>
  <system-err><![CDATA[]]></system-err>
</testsuite>
