<?xml version="1.0" encoding="UTF-8"?>
<testsuite name="shopping.coor.service.UserServiceTest" tests="1" skipped="0" failures="0" errors="0" timestamp="2022-04-26T05:01:41" hostname="DESKTOP-L98HC6E" time="0.087">
  <properties/>
  <testcase name="그냥테스트()" classname="shopping.coor.service.UserServiceTest" time="0.087"/>
  <system-out><![CDATA[[2022-04-26 14:01:41:9937][Test worker] INFO  o.s.b.t.c.SpringBootTestContextBootstrapper - Neither @ContextConfiguration nor @ContextHierarchy found for test class [shopping.coor.service.UserServiceTest], using SpringBootContextLoader
[2022-04-26 14:01:41:9938][Test worker] INFO  o.s.t.c.s.AbstractContextLoader - Could not detect default resource locations for test class [shopping.coor.service.UserServiceTest]: no resource found for suffixes {-context.xml, Context.groovy}.
[2022-04-26 14:01:41:9939][Test worker] INFO  o.s.t.c.s.AnnotationConfigContextLoaderUtils - Could not detect default configuration classes for test class [shopping.coor.service.UserServiceTest]: UserServiceTest does not declare any static, non-private, non-final, nested classes annotated with @Configuration.
[2022-04-26 14:01:41:9940][Test worker] INFO  o.s.b.t.c.SpringBootTestContextBootstrapper - Found @SpringBootConfiguration shopping.coor.CoorApplication for test class shopping.coor.service.UserServiceTest
[2022-04-26 14:01:41:9942][Test worker] INFO  o.s.b.t.c.SpringBootTestContextBootstrapper - Loaded default TestExecutionListener class names from location [META-INF/spring.factories]: [org.springframework.security.test.context.support.WithSecurityContextTestExecutionListener, org.springframework.security.test.context.support.ReactorContextTestExecutionListener, org.springframework.boot.test.autoconfigure.restdocs.RestDocsTestExecutionListener, org.springframework.boot.test.autoconfigure.web.client.MockRestServiceServerResetTestExecutionListener, org.springframework.boot.test.autoconfigure.web.servlet.MockMvcPrintOnlyOnFailureTestExecutionListener, org.springframework.boot.test.autoconfigure.web.servlet.WebDriverTestExecutionListener, org.springframework.boot.test.autoconfigure.webservices.client.MockWebServiceServerTestExecutionListener, org.springframework.boot.test.mock.mockito.MockitoTestExecutionListener, org.springframework.boot.test.mock.mockito.ResetMocksTestExecutionListener, org.springframework.test.context.web.ServletTestExecutionListener, org.springframework.test.context.support.DirtiesContextBeforeModesTestExecutionListener, org.springframework.test.context.event.ApplicationEventsTestExecutionListener, org.springframework.test.context.support.DependencyInjectionTestExecutionListener, org.springframework.test.context.support.DirtiesContextTestExecutionListener, org.springframework.test.context.transaction.TransactionalTestExecutionListener, org.springframework.test.context.jdbc.SqlScriptsTestExecutionListener, org.springframework.test.context.event.EventPublishingTestExecutionListener]
[2022-04-26 14:01:41:9943][Test worker] INFO  o.s.b.t.c.SpringBootTestContextBootstrapper - Using TestExecutionListeners: [org.springframework.test.context.web.ServletTestExecutionListener@1768c77f, org.springframework.test.context.support.DirtiesContextBeforeModesTestExecutionListener@bb0dcb6, org.springframework.test.context.event.ApplicationEventsTestExecutionListener@1192d1f5, org.springframework.boot.test.mock.mockito.MockitoTestExecutionListener@47ba8e3c, org.springframework.boot.test.autoconfigure.SpringBootDependencyInjectionTestExecutionListener@1638fa8b, org.springframework.test.context.support.DirtiesContextTestExecutionListener@1b60c196, org.springframework.test.context.transaction.TransactionalTestExecutionListener@1c7aa676, org.springframework.test.context.jdbc.SqlScriptsTestExecutionListener@fa200ab, org.springframework.security.test.context.support.WithSecurityContextTestExecutionListener@5e9f4f76, org.springframework.test.context.event.EventPublishingTestExecutionListener@43ee4942, org.springframework.security.test.context.support.ReactorContextTestExecutionListener@a6e0e5f, org.springframework.boot.test.autoconfigure.restdocs.RestDocsTestExecutionListener@15d6f0e1, org.springframework.boot.test.autoconfigure.web.client.MockRestServiceServerResetTestExecutionListener@3116e9d2, org.springframework.boot.test.autoconfigure.web.servlet.MockMvcPrintOnlyOnFailureTestExecutionListener@312eb, org.springframework.boot.test.autoconfigure.web.servlet.WebDriverTestExecutionListener@7a65e842, org.springframework.boot.test.autoconfigure.webservices.client.MockWebServiceServerTestExecutionListener@58965e17, org.springframework.boot.test.mock.mockito.ResetMocksTestExecutionListener@5e4874ae]
[2022-04-26 14:01:41:9959][Test worker] INFO  s.coor.infra.log.ThreadLocalLogTrace - ------------------------------0dd7e9f3's transaction start------------------------------
[2022-04-26 14:01:41:9959][Test worker] INFO  s.coor.infra.log.ThreadLocalLogTrace - [0dd7e9f3] UserServiceImpl.selectAll()
[2022-04-26 14:01:41:9965][Test worker] INFO  s.coor.infra.log.ThreadLocalLogTrace - [0dd7e9f3] |-->UserRepository.selectAll()
[2022-04-26 14:01:42:9979][Test worker] DEBUG org.hibernate.SQL - 
    select
        user0_.user_id as user_id1_4_,
        user0_.email as email2_4_,
        user0_.password as password3_4_,
        user0_.username as username4_4_ 
    from
        users user0_
[2022-04-26 14:01:42:10012][Test worker] INFO  s.coor.infra.log.ThreadLocalLogTrace - [0dd7e9f3] |<--UserRepository.selectAll() time=47ms
[2022-04-26 14:01:42:10012][Test worker] INFO  s.coor.infra.log.ThreadLocalLogTrace - [0dd7e9f3] UserServiceImpl.selectAll() time=53ms
[2022-04-26 14:01:42:10012][Test worker] INFO  s.coor.infra.log.ThreadLocalLogTrace - -------------------------------0dd7e9f3's transaction end/53ms-------------------------
w@naver.com
www@naver.com
w1@naver.com
w22@naver.com
w2222@naver.com
wlsdiq2kdrk@gmail.com
111w@naver.com
w111111111@naver.com
w555@naver.com
33w@naver.com
w66666@naver.com
kim222@naver.com
kim112@naver.com
wlsdi3qkdrk@gmail.com
]]></system-out>
  <system-err><![CDATA[]]></system-err>
</testsuite>
