<?xml version="1.0" encoding="UTF-8"?>
<testsuite name="shopping.coor.service.UserServiceTest" tests="1" skipped="0" failures="0" errors="0" timestamp="2022-04-09T16:19:07" hostname="DESKTOP-L98HC6E" time="0.096">
  <properties/>
  <testcase name="그냥테스트()" classname="shopping.coor.service.UserServiceTest" time="0.096"/>
  <system-out><![CDATA[2022-04-10 01:19:07.289  INFO 24836 --- [    Test worker] .b.t.c.SpringBootTestContextBootstrapper : Neither @ContextConfiguration nor @ContextHierarchy found for test class [shopping.coor.service.UserServiceTest], using SpringBootContextLoader
2022-04-10 01:19:07.291  INFO 24836 --- [    Test worker] o.s.t.c.support.AbstractContextLoader    : Could not detect default resource locations for test class [shopping.coor.service.UserServiceTest]: no resource found for suffixes {-context.xml, Context.groovy}.
2022-04-10 01:19:07.291  INFO 24836 --- [    Test worker] t.c.s.AnnotationConfigContextLoaderUtils : Could not detect default configuration classes for test class [shopping.coor.service.UserServiceTest]: UserServiceTest does not declare any static, non-private, non-final, nested classes annotated with @Configuration.
2022-04-10 01:19:07.300  INFO 24836 --- [    Test worker] .b.t.c.SpringBootTestContextBootstrapper : Found @SpringBootConfiguration shopping.coor.CoorApplication for test class shopping.coor.service.UserServiceTest
2022-04-10 01:19:07.304  INFO 24836 --- [    Test worker] .b.t.c.SpringBootTestContextBootstrapper : Loaded default TestExecutionListener class names from location [META-INF/spring.factories]: [org.springframework.security.test.context.support.WithSecurityContextTestExecutionListener, org.springframework.security.test.context.support.ReactorContextTestExecutionListener, org.springframework.boot.test.autoconfigure.restdocs.RestDocsTestExecutionListener, org.springframework.boot.test.autoconfigure.web.client.MockRestServiceServerResetTestExecutionListener, org.springframework.boot.test.autoconfigure.web.servlet.MockMvcPrintOnlyOnFailureTestExecutionListener, org.springframework.boot.test.autoconfigure.web.servlet.WebDriverTestExecutionListener, org.springframework.boot.test.autoconfigure.webservices.client.MockWebServiceServerTestExecutionListener, org.springframework.boot.test.mock.mockito.MockitoTestExecutionListener, org.springframework.boot.test.mock.mockito.ResetMocksTestExecutionListener, org.springframework.test.context.web.ServletTestExecutionListener, org.springframework.test.context.support.DirtiesContextBeforeModesTestExecutionListener, org.springframework.test.context.event.ApplicationEventsTestExecutionListener, org.springframework.test.context.support.DependencyInjectionTestExecutionListener, org.springframework.test.context.support.DirtiesContextTestExecutionListener, org.springframework.test.context.transaction.TransactionalTestExecutionListener, org.springframework.test.context.jdbc.SqlScriptsTestExecutionListener, org.springframework.test.context.event.EventPublishingTestExecutionListener]
2022-04-10 01:19:07.305  INFO 24836 --- [    Test worker] .b.t.c.SpringBootTestContextBootstrapper : Using TestExecutionListeners: [org.springframework.test.context.web.ServletTestExecutionListener@da2303c, org.springframework.test.context.support.DirtiesContextBeforeModesTestExecutionListener@72b60be8, org.springframework.test.context.event.ApplicationEventsTestExecutionListener@6f254d79, org.springframework.boot.test.mock.mockito.MockitoTestExecutionListener@589cc8eb, org.springframework.boot.test.autoconfigure.SpringBootDependencyInjectionTestExecutionListener@44233014, org.springframework.test.context.support.DirtiesContextTestExecutionListener@6888a33, org.springframework.test.context.transaction.TransactionalTestExecutionListener@4303511e, org.springframework.test.context.jdbc.SqlScriptsTestExecutionListener@7d661205, org.springframework.security.test.context.support.WithSecurityContextTestExecutionListener@20183e2d, org.springframework.test.context.event.EventPublishingTestExecutionListener@6203f10f, org.springframework.security.test.context.support.ReactorContextTestExecutionListener@3bd1c7f0, org.springframework.boot.test.autoconfigure.restdocs.RestDocsTestExecutionListener@76ea1cb5, org.springframework.boot.test.autoconfigure.web.client.MockRestServiceServerResetTestExecutionListener@17e2ad13, org.springframework.boot.test.autoconfigure.web.servlet.MockMvcPrintOnlyOnFailureTestExecutionListener@6a94bd69, org.springframework.boot.test.autoconfigure.web.servlet.WebDriverTestExecutionListener@5f4f198c, org.springframework.boot.test.autoconfigure.webservices.client.MockWebServiceServerTestExecutionListener@7966a964, org.springframework.boot.test.mock.mockito.ResetMocksTestExecutionListener@7b6e196e]
2022-04-10 01:19:07.351 DEBUG 24836 --- [    Test worker] org.hibernate.SQL                        : 
    select
        user0_.user_id as user_id1_3_,
        user0_.email as email2_3_,
        user0_.password as password3_3_,
        user0_.username as username4_3_ 
    from
        users user0_
22@naver.com
]]></system-out>
  <system-err><![CDATA[]]></system-err>
</testsuite>
