<?xml version="1.0" encoding="UTF-8"?>
<testsuite name="shopping.coor.service.UserServiceTest" tests="1" skipped="0" failures="0" errors="0" timestamp="2022-04-09T17:25:41" hostname="DESKTOP-L98HC6E" time="0.071">
  <properties/>
  <testcase name="그냥테스트()" classname="shopping.coor.service.UserServiceTest" time="0.071"/>
  <system-out><![CDATA[2022-04-10 02:25:41.456  INFO 31152 --- [    Test worker] .b.t.c.SpringBootTestContextBootstrapper : Neither @ContextConfiguration nor @ContextHierarchy found for test class [shopping.coor.service.UserServiceTest], using SpringBootContextLoader
2022-04-10 02:25:41.457  INFO 31152 --- [    Test worker] o.s.t.c.support.AbstractContextLoader    : Could not detect default resource locations for test class [shopping.coor.service.UserServiceTest]: no resource found for suffixes {-context.xml, Context.groovy}.
2022-04-10 02:25:41.457  INFO 31152 --- [    Test worker] t.c.s.AnnotationConfigContextLoaderUtils : Could not detect default configuration classes for test class [shopping.coor.service.UserServiceTest]: UserServiceTest does not declare any static, non-private, non-final, nested classes annotated with @Configuration.
2022-04-10 02:25:41.464  INFO 31152 --- [    Test worker] .b.t.c.SpringBootTestContextBootstrapper : Found @SpringBootConfiguration shopping.coor.CoorApplication for test class shopping.coor.service.UserServiceTest
2022-04-10 02:25:41.467  INFO 31152 --- [    Test worker] .b.t.c.SpringBootTestContextBootstrapper : Loaded default TestExecutionListener class names from location [META-INF/spring.factories]: [org.springframework.security.test.context.support.WithSecurityContextTestExecutionListener, org.springframework.security.test.context.support.ReactorContextTestExecutionListener, org.springframework.boot.test.autoconfigure.restdocs.RestDocsTestExecutionListener, org.springframework.boot.test.autoconfigure.web.client.MockRestServiceServerResetTestExecutionListener, org.springframework.boot.test.autoconfigure.web.servlet.MockMvcPrintOnlyOnFailureTestExecutionListener, org.springframework.boot.test.autoconfigure.web.servlet.WebDriverTestExecutionListener, org.springframework.boot.test.autoconfigure.webservices.client.MockWebServiceServerTestExecutionListener, org.springframework.boot.test.mock.mockito.MockitoTestExecutionListener, org.springframework.boot.test.mock.mockito.ResetMocksTestExecutionListener, org.springframework.test.context.web.ServletTestExecutionListener, org.springframework.test.context.support.DirtiesContextBeforeModesTestExecutionListener, org.springframework.test.context.event.ApplicationEventsTestExecutionListener, org.springframework.test.context.support.DependencyInjectionTestExecutionListener, org.springframework.test.context.support.DirtiesContextTestExecutionListener, org.springframework.test.context.transaction.TransactionalTestExecutionListener, org.springframework.test.context.jdbc.SqlScriptsTestExecutionListener, org.springframework.test.context.event.EventPublishingTestExecutionListener]
2022-04-10 02:25:41.468  INFO 31152 --- [    Test worker] .b.t.c.SpringBootTestContextBootstrapper : Using TestExecutionListeners: [org.springframework.test.context.web.ServletTestExecutionListener@7fec6c2f, org.springframework.test.context.support.DirtiesContextBeforeModesTestExecutionListener@67e12e28, org.springframework.test.context.event.ApplicationEventsTestExecutionListener@36109a76, org.springframework.boot.test.mock.mockito.MockitoTestExecutionListener@96271d8, org.springframework.boot.test.autoconfigure.SpringBootDependencyInjectionTestExecutionListener@15f3f9cf, org.springframework.test.context.support.DirtiesContextTestExecutionListener@7b8d1537, org.springframework.test.context.transaction.TransactionalTestExecutionListener@497cf31a, org.springframework.test.context.jdbc.SqlScriptsTestExecutionListener@530aa75c, org.springframework.security.test.context.support.WithSecurityContextTestExecutionListener@593d0173, org.springframework.test.context.event.EventPublishingTestExecutionListener@4a0a93ce, org.springframework.security.test.context.support.ReactorContextTestExecutionListener@64404db6, org.springframework.boot.test.autoconfigure.restdocs.RestDocsTestExecutionListener@62f63625, org.springframework.boot.test.autoconfigure.web.client.MockRestServiceServerResetTestExecutionListener@53f18591, org.springframework.boot.test.autoconfigure.web.servlet.MockMvcPrintOnlyOnFailureTestExecutionListener@4dfbe8c2, org.springframework.boot.test.autoconfigure.web.servlet.WebDriverTestExecutionListener@2bb03136, org.springframework.boot.test.autoconfigure.webservices.client.MockWebServiceServerTestExecutionListener@78a46d7b, org.springframework.boot.test.mock.mockito.ResetMocksTestExecutionListener@2726b2f3]
2022-04-10 02:25:41.507 DEBUG 31152 --- [    Test worker] org.hibernate.SQL                        : 
    select
        user0_.user_id as user_id1_3_,
        user0_.email as email2_3_,
        user0_.password as password3_3_,
        user0_.username as username4_3_ 
    from
        users user0_
22@naver.com
]]></system-out>
  <system-err><![CDATA[]]></system-err>
</testsuite>
